[14:22:18] [main/INFO]: Setting user: Player946
[14:22:20] [Client thread/INFO]: LWJGL Version: 2.9.1
[14:22:24] [Client thread/INFO]: Reloading ResourceManager: Default, FMLFileResourcePack:Forge Mod Loader, FMLFileResourcePack:Minecraft Forge, FMLFileResourcePack:ExampleMod
[14:22:27] [Sound Library Loader/INFO]: Sound engine started
[14:22:27] [Client thread/INFO]: Created: 512x256 textures/blocks-atlas
[14:22:28] [Client thread/INFO]: Created: 256x256 textures/items-atlas
[14:22:29] [MCO Availability Checker #1/ERROR]: Couldn't connect to Realms
[14:22:54] [Server thread/INFO]: Starting integrated minecraft server version 1.7.2
[14:22:54] [Server thread/INFO]: Generating keypair
[14:22:55] [Server thread/INFO]: Preparing start region for level 0
[14:22:56] [Server thread/INFO]: Preparing spawn area: 68%
[14:22:56] [Server thread/INFO]: Player946[local:E:f84ba692] logged in with entity id 278 at (115.34732118491462, 72.0, 266.7527875042096)
[14:22:56] [Server thread/INFO]: Player946 joined the game
[14:22:59] [Server thread/INFO]: Player946 has just earned the achievement [Taking Inventory]
[14:22:59] [Client thread/INFO]: [CHAT] Player946 has just earned the achievement [Taking Inventory]
[14:24:23] [Server thread/INFO]: Saving and pausing game...
[14:24:23] [Server thread/INFO]: Saving chunks for level 'New World'/Overworld
[14:24:23] [Server thread/INFO]: Saving chunks for level 'New World'/Nether
[14:24:24] [Server thread/INFO]: Saving chunks for level 'New World'/The End
[14:24:24] [Server thread/INFO]: Stopping server
[14:24:24] [Server thread/INFO]: Saving players
[14:24:24] [Server thread/INFO]: Saving worlds
[14:24:24] [Server thread/INFO]: Saving chunks for level 'New World'/Overworld
[14:24:24] [Server thread/INFO]: Saving chunks for level 'New World'/Nether
[14:24:24] [Server thread/INFO]: Saving chunks for level 'New World'/The End
[14:24:27] [Client thread/INFO]: Stopping!
